[1102/210230.627:ERROR:process_memory_win.cc(73)] ReadMemory at 0x7ff71ad40000 of 64 bytes failed: Only part of a ReadProcessMemory or WriteProcessMemory request was completed. (0x12B)
[1102/210232.126:WARNING:pe_image_reader.cc(340)] could not read dos header from C:\Program Files (x86)\Google\Chrome\Application\chrome.exe
[1102/210232.127:ERROR:process_memory_win.cc(73)] ReadMemory at 0x7ffa08400000 of 64 bytes failed: Only part of a ReadProcessMemory or WriteProcessMemory request was completed. (0x12B)
[1102/210232.127:WARNING:pe_image_reader.cc(340)] could not read dos header from C:\WINDOWS\SYSTEM32\ntdll.dll
[1102/210232.127:ERROR:process_memory_win.cc(73)] ReadMemory at 0x7ffa07b10000 of 64 bytes failed: Only part of a ReadProcessMemory or WriteProcessMemory request was completed. (0x12B)
[1102/210232.127:WARNING:pe_image_reader.cc(340)] could not read dos header from C:\WINDOWS\System32\KERNEL32.DLL
[1102/210232.128:ERROR:process_memory_win.cc(73)] ReadMemory at 0x7ffa05000000 of 64 bytes failed: Only part of a ReadProcessMemory or WriteProcessMemory request was completed. (0x12B)
[1102/210232.128:WARNING:pe_image_reader.cc(340)] could not read dos header from C:\WINDOWS\System32\KERNELBASE.dll
[1102/210232.128:ERROR:process_memory_win.cc(73)] ReadMemory at 0x7ff9ff8d0000 of 64 bytes failed: Only part of a ReadProcessMemory or WriteProcessMemory request was completed. (0x12B)
[1102/210232.128:WARNING:pe_image_reader.cc(340)] could not read dos header from C:\WINDOWS\SYSTEM32\VERSION.dll
[1102/210232.128:ERROR:process_memory_win.cc(73)] ReadMemory at 0x7ff9d4f20000 of 64 bytes failed: Only part of a ReadProcessMemory or WriteProcessMemory request was completed. (0x12B)
[1102/210232.128:WARNING:pe_image_reader.cc(340)] could not read dos header from C:\Program Files (x86)\Google\Chrome\Application\78.0.3904.70\chrome_elf.dll
[1102/210232.128:ERROR:process_memory_win.cc(73)] ReadMemory at 0x7ffa05fd0000 of 64 bytes failed: Only part of a ReadProcessMemory or WriteProcessMemory request was completed. (0x12B)
[1102/210232.128:WARNING:pe_image_reader.cc(340)] could not read dos header from C:\WINDOWS\System32\msvcrt.dll
[1102/210232.128:ERROR:process_memory_win.cc(73)] ReadMemory at 0x7ffa046b0000 of 64 bytes failed: Only part of a ReadProcessMemory or WriteProcessMemory request was completed. (0x12B)
[1102/210232.128:WARNING:pe_image_reader.cc(340)] could not read dos header from C:\WINDOWS\System32\bcryptPrimitives.dll
[1102/210232.128:ERROR:process_memory_win.cc(73)] ReadMemory at 0x7ffa06070000 of 64 bytes failed: Only part of a ReadProcessMemory or WriteProcessMemory request was completed. (0x12B)
[1102/210232.128:WARNING:pe_image_reader.cc(340)] could not read dos header from C:\WINDOWS\System32\ADVAPI32.dll
[1102/210232.128:ERROR:process_memory_win.cc(73)] ReadMemory at 0x7ffa080b0000 of 64 bytes failed: Only part of a ReadProcessMemory or WriteProcessMemory request was completed. (0x12B)
[1102/210232.128:WARNING:pe_image_reader.cc(340)] could not read dos header from C:\WINDOWS\System32\sechost.dll
[1102/210232.128:ERROR:process_memory_win.cc(73)] ReadMemory at 0x7ffa07db0000 of 64 bytes failed: Only part of a ReadProcessMemory or WriteProcessMemory request was completed. (0x12B)
[1102/210232.128:WARNING:pe_image_reader.cc(340)] could not read dos header from C:\WINDOWS\System32\RPCRT4.dll
[1102/210232.128:ERROR:process_memory_win.cc(73)] ReadMemory at 0x7ffa07f10000 of 64 bytes failed: Only part of a ReadProcessMemory or WriteProcessMemory request was completed. (0x12B)
[1102/210232.129:WARNING:pe_image_reader.cc(340)] could not read dos header from C:\WINDOWS\System32\user32.dll
[1102/210232.129:ERROR:process_memory_win.cc(73)] ReadMemory at 0x7ffa044c0000 of 64 bytes failed: Only part of a ReadProcessMemory or WriteProcessMemory request was completed. (0x12B)
[1102/210232.129:WARNING:pe_image_reader.cc(340)] could not read dos header from C:\WINDOWS\System32\win32u.dll
[1102/210232.129:ERROR:process_memory_win.cc(73)] ReadMemory at 0x7ffa07ee0000 of 64 bytes failed: Only part of a ReadProcessMemory or WriteProcessMemory request was completed. (0x12B)
[1102/210232.129:WARNING:pe_image_reader.cc(340)] could not read dos header from C:\WINDOWS\System32\GDI32.dll
[1102/210232.129:ERROR:process_memory_win.cc(73)] ReadMemory at 0x7ffa05480000 of 64 bytes failed: Only part of a ReadProcessMemory or WriteProcessMemory request was completed. (0x12B)
[1102/210232.129:WARNING:pe_image_reader.cc(340)] could not read dos header from C:\WINDOWS\System32\gdi32full.dll
[1102/210232.129:ERROR:process_memory_win.cc(73)] ReadMemory at 0x7ffa044e0000 of 64 bytes failed: Only part of a ReadProcessMemory or WriteProcessMemory request was completed. (0x12B)
[1102/210232.129:WARNING:pe_image_reader.cc(340)] could not read dos header from C:\WINDOWS\System32\msvcp_win.dll
[1102/210232.130:ERROR:process_memory_win.cc(73)] ReadMemory at 0x7ffa04f00000 of 64 bytes failed: Only part of a ReadProcessMemory or WriteProcessMemory request was completed. (0x12B)
[1102/210232.130:WARNING:pe_image_reader.cc(340)] could not read dos header from C:\WINDOWS\System32\ucrtbase.dll
[1102/210232.130:ERROR:process_memory_win.cc(73)] ReadMemory at 0x7ffa05ae0000 of 64 bytes failed: Only part of a ReadProcessMemory or WriteProcessMemory request was completed. (0x12B)
[1102/210232.130:WARNING:pe_image_reader.cc(340)] could not read dos header from C:\WINDOWS\System32\IMM32.DLL
[1102/210232.130:ERROR:process_memory_win.cc(73)] ReadMemory at 0x7ff9c4200000 of 64 bytes failed: Only part of a ReadProcessMemory or WriteProcessMemory request was completed. (0x12B)
[1102/210232.130:WARNING:pe_image_reader.cc(340)] could not read dos header from C:\Program Files (x86)\Google\Chrome\Application\78.0.3904.70\chrome_child.dll
[1102/210232.130:ERROR:process_memory_win.cc(73)] ReadMemory at 0x7ffa05620000 of 64 bytes failed: Only part of a ReadProcessMemory or WriteProcessMemory request was completed. (0x12B)
[1102/210232.130:WARNING:pe_image_reader.cc(340)] could not read dos header from C:\WINDOWS\System32\OLEAUT32.dll
[1102/210232.130:ERROR:process_memory_win.cc(73)] ReadMemory at 0x7ffa05c10000 of 64 bytes failed: Only part of a ReadProcessMemory or WriteProcessMemory request was completed. (0x12B)
[1102/210232.130:WARNING:pe_image_reader.cc(340)] could not read dos header from C:\WINDOWS\System32\combase.dll
[1102/210232.130:ERROR:process_memory_win.cc(73)] ReadMemory at 0x7ffa08360000 of 64 bytes failed: Only part of a ReadProcessMemory or WriteProcessMemory request was completed. (0x12B)
[1102/210232.130:WARNING:pe_image_reader.cc(340)] could not read dos header from C:\WINDOWS\System32\WS2_32.dll
[1102/210232.131:ERROR:process_memory_win.cc(73)] ReadMemory at 0x7ffa04730000 of 64 bytes failed: Only part of a ReadProcessMemory or WriteProcessMemory request was completed. (0x12B)
[1102/210232.131:WARNING:pe_image_reader.cc(340)] could not read dos header from C:\WINDOWS\System32\WINTRUST.dll
[1102/210232.131:ERROR:process_memory_win.cc(73)] ReadMemory at 0x7ffa044a0000 of 64 bytes failed: Only part of a ReadProcessMemory or WriteProcessMemory request was completed. (0x12B)
[1102/210232.131:WARNING:pe_image_reader.cc(340)] could not read dos header from C:\WINDOWS\System32\MSASN1.dll
[1102/210232.131:ERROR:process_memory_win.cc(73)] ReadMemory at 0x7ffa052a0000 of 64 bytes failed: Only part of a ReadProcessMemory or WriteProcessMemory request was completed. (0x12B)
[1102/210232.131:WARNING:pe_image_reader.cc(340)] could not read dos header from C:\WINDOWS\System32\CRYPT32.dll
[1102/210232.131:ERROR:process_memory_win.cc(73)] ReadMemory at 0x7ffa03980000 of 64 bytes failed: Only part of a ReadProcessMemory or WriteProcessMemory request was completed. (0x12B)
[1102/210232.131:WARNING:pe_image_reader.cc(340)] could not read dos header from C:\WINDOWS\SYSTEM32\IPHLPAPI.DLL
[1102/210232.131:ERROR:process_memory_win.cc(73)] ReadMemory at 0x7ffa015e0000 of 64 bytes failed: Only part of a ReadProcessMemory or WriteProcessMemory request was completed. (0x12B)
[1102/210232.131:WARNING:pe_image_reader.cc(340)] could not read dos header from C:\WINDOWS\SYSTEM32\WINMM.dll
[1102/210232.131:ERROR:process_memory_win.cc(73)] ReadMemory at 0x7ffa04320000 of 64 bytes failed: Only part of a ReadProcessMemory or WriteProcessMemory request was completed. (0x12B)
[1102/210232.131:WARNING:pe_image_reader.cc(340)] could not read dos header from C:\WINDOWS\SYSTEM32\USERENV.dll
[1102/210232.131:ERROR:process_memory_win.cc(73)] ReadMemory at 0x7ffa043f0000 of 64 bytes failed: Only part of a ReadProcessMemory or WriteProcessMemory request was completed. (0x12B)
[1102/210232.131:WARNING:pe_image_reader.cc(340)] could not read dos header from C:\WINDOWS\System32\profapi.dll
[1102/210232.132:ERROR:process_memory_win.cc(73)] ReadMemory at 0x7ff9f8410000 of 64 bytes failed: Only part of a ReadProcessMemory or WriteProcessMemory request was completed. (0x12B)
[1102/210232.132:WARNING:pe_image_reader.cc(340)] could not read dos header from C:\WINDOWS\SYSTEM32\DWrite.dll
[1102/210232.132:ERROR:process_memory_win.cc(73)] ReadMemory at 0x7ff9fb580000 of 64 bytes failed: Only part of a ReadProcessMemory or WriteProcessMemory request was completed. (0x12B)
[1102/210232.132:WARNING:pe_image_reader.cc(340)] could not read dos header from C:\WINDOWS\SYSTEM32\WINSPOOL.DRV
[1102/210232.132:ERROR:process_memory_win.cc(73)] ReadMemory at 0x7ffa04480000 of 64 bytes failed: Only part of a ReadProcessMemory or WriteProcessMemory request was completed. (0x12B)
[1102/210232.132:WARNING:pe_image_reader.cc(340)] could not read dos header from C:\WINDOWS\System32\kernel.appcore.dll
[1102/210232.132:ERROR:process_memory_win.cc(73)] ReadMemory at 0x7ff9f5690000 of 64 bytes failed: Only part of a ReadProcessMemory or WriteProcessMemory request was completed. (0x12B)
[1102/210232.132:WARNING:pe_image_reader.cc(340)] could not read dos header from C:\WINDOWS\SYSTEM32\dbghelp.dll
[1102/210232.132:ERROR:process_memory_win.cc(73)] ReadMemory at 0x7ff9f4d30000 of 64 bytes failed: Only part of a ReadProcessMemory or WriteProcessMemory request was completed. (0x12B)
[1102/210232.132:WARNING:pe_image_reader.cc(340)] could not read dos header from C:\WINDOWS\SYSTEM32\Secur32.dll
[1102/210232.132:ERROR:process_memory_win.cc(73)] ReadMemory at 0x7ff9fae70000 of 64 bytes failed: Only part of a ReadProcessMemory or WriteProcessMemory request was completed. (0x12B)
[1102/210232.132:WARNING:pe_image_reader.cc(340)] could not read dos header from C:\WINDOWS\SYSTEM32\WINHTTP.dll
[1102/210232.132:ERROR:process_memory_win.cc(73)] ReadMemory at 0x7ff9fb540000 of 64 bytes failed: Only part of a ReadProcessMemory or WriteProcessMemory request was completed. (0x12B)
[1102/210232.132:WARNING:pe_image_reader.cc(340)] could not read dos header from C:\WINDOWS\SYSTEM32\dhcpcsvc.DLL
[1102/210232.132:ERROR:process_memory_win.cc(73)] ReadMemory at 0x7ffa05fc0000 of 64 bytes failed: Only part of a ReadProcessMemory or WriteProcessMemory request was completed. (0x12B)
[1102/210232.132:WARNING:pe_image_reader.cc(340)] could not read dos header from C:\WINDOWS\System32\NSI.dll
[1102/210232.132:ERROR:process_memory_win.cc(73)] ReadMemory at 0x7ffa01150000 of 64 bytes failed: Only part of a ReadProcessMemory or WriteProcessMemory request was completed. (0x12B)
[1102/210232.132:WARNING:pe_image_reader.cc(340)] could not read dos header from C:\WINDOWS\SYSTEM32\WINMMBASE.dll
[1102/210232.133:ERROR:process_memory_win.cc(73)] ReadMemory at 0x7ffa04580000 of 64 bytes failed: Only part of a ReadProcessMemory or WriteProcessMemory request was completed. (0x12B)
[1102/210232.133:WARNING:pe_image_reader.cc(340)] could not read dos header from C:\WINDOWS\System32\cfgmgr32.dll
[1102/210232.133:ERROR:process_memory_win.cc(73)] ReadMemory at 0x7ffa042f0000 of 64 bytes failed: Only part of a ReadProcessMemory or WriteProcessMemory request was completed. (0x12B)
[1102/210232.133:WARNING:pe_image_reader.cc(340)] could not read dos header from C:\WINDOWS\SYSTEM32\SSPICLI.DLL
[1102/210232.133:ERROR:process_memory_win.cc(73)] ReadMemory at 0x7ffa04680000 of 64 bytes failed: Only part of a ReadProcessMemory or WriteProcessMemory request was completed. (0x12B)
[1102/210232.133:WARNING:pe_image_reader.cc(340)] could not read dos header from C:\WINDOWS\System32\bcrypt.dll
[1102/210232.133:ERROR:process_memory_win.cc(73)] ReadMemory at 0x7ffa00dd0000 of 64 bytes failed: Only part of a ReadProcessMemory or WriteProcessMemory request was completed. (0x12B)
[1102/210232.133:WARNING:pe_image_reader.cc(340)] could not read dos header from C:\WINDOWS\SYSTEM32\PROPSYS.dll
[1102/210232.133:ERROR:process_memory_win.cc(73)] ReadMemory at 0x7ffa08150000 of 64 bytes failed: Only part of a ReadProcessMemory or WriteProcessMemory request was completed. (0x12B)
[1102/210232.133:WARNING:pe_image_reader.cc(340)] could not read dos header from C:\WINDOWS\System32\shcore.dll
[1102/210232.133:ERROR:process_memory_win.cc(73)] ReadMemory at 0x7ff9d3f20000 of 64 bytes failed: Only part of a ReadProcessMemory or WriteProcessMemory request was completed. (0x12B)
[1102/210232.133:WARNING:pe_image_reader.cc(340)] could not read dos header from C:\Program Files\Acer\Acer Power Management\SysHook.dll
[1102/210232.133:ERROR:process_memory_win.cc(73)] ReadMemory at 0x7ffa059b0000 of 64 bytes failed: Only part of a ReadProcessMemory or WriteProcessMemory request was completed. (0x12B)
[1102/210232.133:WARNING:pe_image_reader.cc(340)] could not read dos header from C:\WINDOWS\System32\COMDLG32.dll
[1102/210232.133:ERROR:process_memory_win.cc(73)] ReadMemory at 0x7ffa06120000 of 64 bytes failed: Only part of a ReadProcessMemory or WriteProcessMemory request was completed. (0x12B)
[1102/210232.133:WARNING:pe_image_reader.cc(340)] could not read dos header from C:\WINDOWS\System32\SHLWAPI.dll
[1102/210232.134:ERROR:process_memory_win.cc(73)] ReadMemory at 0x7ff9e5090000 of 64 bytes failed: Only part of a ReadProcessMemory or WriteProcessMemory request was completed. (0x12B)
[1102/210232.134:WARNING:pe_image_reader.cc(340)] could not read dos header from C:\WINDOWS\SYSTEM32\MSIMG32.dll
[1102/210232.134:ERROR:process_memory_win.cc(73)] ReadMemory at 0x7ffa06610000 of 64 bytes failed: Only part of a ReadProcessMemory or WriteProcessMemory request was completed. (0x12B)
[1102/210232.134:WARNING:pe_image_reader.cc(340)] could not read dos header from C:\WINDOWS\System32\SHELL32.dll
[1102/210232.134:ERROR:process_memory_win.cc(73)] ReadMemory at 0x7ffa047b0000 of 64 bytes failed: Only part of a ReadProcessMemory or WriteProcessMemory request was completed. (0x12B)
[1102/210232.134:WARNING:pe_image_reader.cc(340)] could not read dos header from C:\WINDOWS\System32\windows.storage.dll
[1102/210232.134:ERROR:process_memory_win.cc(73)] ReadMemory at 0x7ff9f5f50000 of 64 bytes failed: Only part of a ReadProcessMemory or WriteProcessMemory request was completed. (0x12B)
[1102/210232.134:WARNING:pe_image_reader.cc(340)] could not read dos header from C:\WINDOWS\WinSxS\amd64_microsoft.windows.common-controls_6595b64144ccf1df_6.0.17763.802_none_05b1445c0722d2cc\COMCTL32.dll
[1102/210232.134:ERROR:process_memory_win.cc(73)] ReadMemory at 0x7ffa04420000 of 64 bytes failed: Only part of a ReadProcessMemory or WriteProcessMemory request was completed. (0x12B)
[1102/210232.134:WARNING:pe_image_reader.cc(340)] could not read dos header from C:\WINDOWS\System32\powrprof.dll
[1102/210232.134:ERROR:process_memory_win.cc(73)] ReadMemory at 0x7ffa04790000 of 64 bytes failed: Only part of a ReadProcessMemory or WriteProcessMemory request was completed. (0x12B)
[1102/210232.134:WARNING:pe_image_reader.cc(340)] could not read dos header from C:\WINDOWS\System32\cryptsp.dll
[1102/210232.135:ERROR:process_memory_win.cc(73)] ReadMemory at 0x7ffa08200000 of 64 bytes failed: Only part of a ReadProcessMemory or WriteProcessMemory request was completed. (0x12B)
[1102/210232.135:WARNING:pe_image_reader.cc(340)] could not read dos header from C:\WINDOWS\System32\ole32.dll
[1102/210232.135:ERROR:process_memory_win.cc(73)] ReadMemory at 0x7ff9ea160000 of 64 bytes failed: Only part of a ReadProcessMemory or WriteProcessMemory request was completed. (0x12B)
[1102/210232.135:WARNING:pe_image_reader.cc(340)] could not read dos header from C:\WINDOWS\WinSxS\amd64_microsoft.windows.gdiplus_6595b64144ccf1df_1.1.17763.802_none_369c374161b54c9a\gdiplus.dll
[1102/210232.135:ERROR:process_memory_win.cc(73)] ReadMemory at 0x7ff9e65e0000 of 64 bytes failed: Only part of a ReadProcessMemory or WriteProcessMemory request was completed. (0x12B)
[1102/210232.135:WARNING:pe_image_reader.cc(340)] could not read dos header from C:\WINDOWS\SYSTEM32\OLEACC.dll
[1102/210232.135:ERROR:process_memory_win.cc(73)] ReadMemory at 0x7ffa02810000 of 64 bytes failed: Only part of a ReadProcessMemory or WriteProcessMemory request was completed. (0x12B)
[1102/210232.135:WARNING:pe_image_reader.cc(340)] could not read dos header from C:\WINDOWS\SYSTEM32\UxTheme.dll
[1102/210232.136:ERROR:process_memory_win.cc(73)] ReadMemory at 0x7ffa02a90000 of 64 bytes failed: Only part of a ReadProcessMemory or WriteProcessMemory request was completed. (0x12B)
[1102/210232.136:WARNING:pe_image_reader.cc(340)] could not read dos header from C:\WINDOWS\SYSTEM32\dwmapi.dll
[1102/210232.136:ERROR:process_memory_win.cc(73)] ReadMemory at 0x7ffa03e30000 of 64 bytes failed: Only part of a ReadProcessMemory or WriteProcessMemory request was completed. (0x12B)
[1102/210232.136:WARNING:pe_image_reader.cc(340)] could not read dos header from C:\WINDOWS\SYSTEM32\CRYPTBASE.DLL
[1102/210232.136:ERROR:process_memory_win.cc(73)] ReadMemory at 0x7ff9ef1b0000 of 64 bytes failed: Only part of a ReadProcessMemory or WriteProcessMemory request was completed. (0x12B)
[1102/210232.136:WARNING:pe_image_reader.cc(340)] could not read dos header from C:\WINDOWS\SYSTEM32\mf.dll
[1102/210232.136:ERROR:process_memory_win.cc(73)] ReadMemory at 0x7ff9e0460000 of 64 bytes failed: Only part of a ReadProcessMemory or WriteProcessMemory request was completed. (0x12B)
[1102/210232.136:WARNING:pe_image_reader.cc(340)] could not read dos header from C:\WINDOWS\SYSTEM32\mfplat.dll
[1102/210232.136:ERROR:process_memory_win.cc(73)] ReadMemory at 0x7ff9eedd0000 of 64 bytes failed: Only part of a ReadProcessMemory or WriteProcessMemory request was completed. (0x12B)
[1102/210232.136:WARNING:pe_image_reader.cc(340)] could not read dos header from C:\WINDOWS\SYSTEM32\RTWorkQ.DLL
[1102/210232.136:ERROR:process_memory_win.cc(73)] ReadMemory at 0x7ff9ce5d0000 of 64 bytes failed: Only part of a ReadProcessMemory or WriteProcessMemory request was completed. (0x12B)
[1102/210232.136:WARNING:pe_image_reader.cc(340)] could not read dos header from C:\WINDOWS\SYSTEM32\msmpeg2vdec.dll
[1102/210232.136:ERROR:process_memory_win.cc(73)] ReadMemory at 0x7ff9d5850000 of 64 bytes failed: Only part of a ReadProcessMemory or WriteProcessMemory request was completed. (0x12B)
[1102/210232.136:WARNING:pe_image_reader.cc(340)] could not read dos header from C:\WINDOWS\SYSTEM32\mfperfhelper.dll
[1102/210232.137:ERROR:process_memory_win.cc(73)] ReadMemory at 0x7ff9fdf90000 of 64 bytes failed: Only part of a ReadProcessMemory or WriteProcessMemory request was completed. (0x12B)
[1102/210232.137:WARNING:pe_image_reader.cc(340)] could not read dos header from C:\WINDOWS\SYSTEM32\dxva2.dll
[1102/210232.137:ERROR:process_memory_win.cc(73)] ReadMemory at 0x7ff9cdbe0000 of 64 bytes failed: Only part of a ReadProcessMemory or WriteProcessMemory request was completed. (0x12B)
[1102/210232.137:WARNING:pe_image_reader.cc(340)] could not read dos header from C:\WINDOWS\SYSTEM32\msvproc.dll
[1102/210232.137:ERROR:process_memory_win.cc(73)] ReadMemory at 0x7ff9fd360000 of 64 bytes failed: Only part of a ReadProcessMemory or WriteProcessMemory request was completed. (0x12B)
[1102/210232.137:WARNING:pe_image_reader.cc(340)] could not read dos header from C:\WINDOWS\SYSTEM32\CompPkgSup.DLL
[1102/210232.137:ERROR:process_memory_win.cc(73)] ReadMemory at 0x7ff9df530000 of 64 bytes failed: Only part of a ReadProcessMemory or WriteProcessMemory request was completed. (0x12B)
[1102/210232.137:WARNING:pe_image_reader.cc(340)] could not read dos header from C:\WINDOWS\SYSTEM32\vulkan-1.dll
[1102/210232.137:ERROR:process_memory_win.cc(73)] ReadMemory at 0x7ff9b0910000 of 64 bytes failed: Only part of a ReadProcessMemory or WriteProcessMemory request was completed. (0x12B)
[1102/210232.137:WARNING:pe_image_reader.cc(340)] could not read dos header from C:\WINDOWS\System32\DriverStore\FileRepository\c0342855.inf_amd64_e2ef814e68f7dc8c\B342717\amdvlk64.dll
[1102/210232.138:ERROR:process_memory_win.cc(73)] ReadMemory at 0x7ffa06190000 of 64 bytes failed: Only part of a ReadProcessMemory or WriteProcessMemory request was completed. (0x12B)
[1102/210232.138:WARNING:pe_image_reader.cc(340)] could not read dos header from C:\WINDOWS\System32\SETUPAPI.dll
[1102/210232.138:ERROR:process_memory_win.cc(73)] ReadMemory at 0x7ffa03120000 of 64 bytes failed: Only part of a ReadProcessMemory or WriteProcessMemory request was completed. (0x12B)
[1102/210232.138:WARNING:pe_image_reader.cc(340)] could not read dos header from C:\WINDOWS\SYSTEM32\dxgi.dll
[1102/210232.138:ERROR:process_memory_win.cc(73)] ReadMemory at 0x7ffa04200000 of 64 bytes failed: Only part of a ReadProcessMemory or WriteProcessMemory request was completed. (0x12B)
[1102/210232.138:WARNING:pe_image_reader.cc(340)] could not read dos header from C:\WINDOWS\SYSTEM32\DEVOBJ.dll
[1102/210232.138:ERROR:process_memory_win.cc(73)] ReadMemory at 0x7ff71ad40000 of 64 bytes failed: Only part of a ReadProcessMemory or WriteProcessMemory request was completed. (0x12B)
[1102/210232.138:WARNING:pe_image_reader.cc(340)] could not read dos header from C:\Program Files (x86)\Google\Chrome\Application\chrome.exe
[1102/210232.138:ERROR:process_memory_win.cc(73)] ReadMemory at 0x7ffa08400000 of 64 bytes failed: Only part of a ReadProcessMemory or WriteProcessMemory request was completed. (0x12B)
[1102/210232.138:WARNING:pe_image_reader.cc(340)] could not read dos header from C:\WINDOWS\SYSTEM32\ntdll.dll
[1102/210232.138:ERROR:process_memory_win.cc(73)] ReadMemory at 0x7ffa07b10000 of 64 bytes failed: Only part of a ReadProcessMemory or WriteProcessMemory request was completed. (0x12B)
[1102/210232.138:WARNING:pe_image_reader.cc(340)] could not read dos header from C:\WINDOWS\System32\KERNEL32.DLL
[1102/210232.138:ERROR:process_memory_win.cc(73)] ReadMemory at 0x7ffa05000000 of 64 bytes failed: Only part of a ReadProcessMemory or WriteProcessMemory request was completed. (0x12B)
[1102/210232.138:WARNING:pe_image_reader.cc(340)] could not read dos header from C:\WINDOWS\System32\KERNELBASE.dll
[1102/210232.138:ERROR:process_memory_win.cc(73)] ReadMemory at 0x7ff9ff8d0000 of 64 bytes failed: Only part of a ReadProcessMemory or WriteProcessMemory request was completed. (0x12B)
[1102/210232.139:WARNING:pe_image_reader.cc(340)] could not read dos header from C:\WINDOWS\SYSTEM32\VERSION.dll
[1102/210232.139:ERROR:process_memory_win.cc(73)] ReadMemory at 0x7ff9d4f20000 of 64 bytes failed: Only part of a ReadProcessMemory or WriteProcessMemory request was completed. (0x12B)
[1102/210232.139:WARNING:pe_image_reader.cc(340)] could not read dos header from C:\Program Files (x86)\Google\Chrome\Application\78.0.3904.70\chrome_elf.dll
[1102/210232.139:ERROR:process_memory_win.cc(73)] ReadMemory at 0x7ffa05fd0000 of 64 bytes failed: Only part of a ReadProcessMemory or WriteProcessMemory request was completed. (0x12B)
[1102/210232.139:WARNING:pe_image_reader.cc(340)] could not read dos header from C:\WINDOWS\System32\msvcrt.dll
[1102/210232.139:ERROR:process_memory_win.cc(73)] ReadMemory at 0x7ffa046b0000 of 64 bytes failed: Only part of a ReadProcessMemory or WriteProcessMemory request was completed. (0x12B)
[1102/210232.139:WARNING:pe_image_reader.cc(340)] could not read dos header from C:\WINDOWS\System32\bcryptPrimitives.dll
[1102/210232.139:ERROR:process_memory_win.cc(73)] ReadMemory at 0x7ffa06070000 of 64 bytes failed: Only part of a ReadProcessMemory or WriteProcessMemory request was completed. (0x12B)
[1102/210232.139:WARNING:pe_image_reader.cc(340)] could not read dos header from C:\WINDOWS\System32\ADVAPI32.dll
[1102/210232.139:ERROR:process_memory_win.cc(73)] ReadMemory at 0x7ffa080b0000 of 64 bytes failed: Only part of a ReadProcessMemory or WriteProcessMemory request was completed. (0x12B)
[1102/210232.139:WARNING:pe_image_reader.cc(340)] could not read dos header from C:\WINDOWS\System32\sechost.dll
[1102/210232.139:ERROR:process_memory_win.cc(73)] ReadMemory at 0x7ffa07db0000 of 64 bytes failed: Only part of a ReadProcessMemory or WriteProcessMemory request was completed. (0x12B)
[1102/210232.139:WARNING:pe_image_reader.cc(340)] could not read dos header from C:\WINDOWS\System32\RPCRT4.dll
[1102/210232.139:ERROR:process_memory_win.cc(73)] ReadMemory at 0x7ffa07f10000 of 64 bytes failed: Only part of a ReadProcessMemory or WriteProcessMemory request was completed. (0x12B)
[1102/210232.139:WARNING:pe_image_reader.cc(340)] could not read dos header from C:\WINDOWS\System32\user32.dll
[1102/210232.139:ERROR:process_memory_win.cc(73)] ReadMemory at 0x7ffa044c0000 of 64 bytes failed: Only part of a ReadProcessMemory or WriteProcessMemory request was completed. (0x12B)
[1102/210232.139:WARNING:pe_image_reader.cc(340)] could not read dos header from C:\WINDOWS\System32\win32u.dll
[1102/210232.140:ERROR:process_memory_win.cc(73)] ReadMemory at 0x7ffa07ee0000 of 64 bytes failed: Only part of a ReadProcessMemory or WriteProcessMemory request was completed. (0x12B)
[1102/210232.140:WARNING:pe_image_reader.cc(340)] could not read dos header from C:\WINDOWS\System32\GDI32.dll
[1102/210232.140:ERROR:process_memory_win.cc(73)] ReadMemory at 0x7ffa05480000 of 64 bytes failed: Only part of a ReadProcessMemory or WriteProcessMemory request was completed. (0x12B)
[1102/210232.140:WARNING:pe_image_reader.cc(340)] could not read dos header from C:\WINDOWS\System32\gdi32full.dll
[1102/210232.140:ERROR:process_memory_win.cc(73)] ReadMemory at 0x7ffa044e0000 of 64 bytes failed: Only part of a ReadProcessMemory or WriteProcessMemory request was completed. (0x12B)
[1102/210232.140:WARNING:pe_image_reader.cc(340)] could not read dos header from C:\WINDOWS\System32\msvcp_win.dll
[1102/210232.140:ERROR:process_memory_win.cc(73)] ReadMemory at 0x7ffa04f00000 of 64 bytes failed: Only part of a ReadProcessMemory or WriteProcessMemory request was completed. (0x12B)
[1102/210232.140:WARNING:pe_image_reader.cc(340)] could not read dos header from C:\WINDOWS\System32\ucrtbase.dll
[1102/210232.140:ERROR:process_memory_win.cc(73)] ReadMemory at 0x7ffa05ae0000 of 64 bytes failed: Only part of a ReadProcessMemory or WriteProcessMemory request was completed. (0x12B)
[1102/210232.140:WARNING:pe_image_reader.cc(340)] could not read dos header from C:\WINDOWS\System32\IMM32.DLL
[1102/210232.140:ERROR:process_memory_win.cc(73)] ReadMemory at 0x7ff9c4200000 of 64 bytes failed: Only part of a ReadProcessMemory or WriteProcessMemory request was completed. (0x12B)
[1102/210232.140:WARNING:pe_image_reader.cc(340)] could not read dos header from C:\Program Files (x86)\Google\Chrome\Application\78.0.3904.70\chrome_child.dll
[1102/210232.140:ERROR:process_memory_win.cc(73)] ReadMemory at 0x7ffa05620000 of 64 bytes failed: Only part of a ReadProcessMemory or WriteProcessMemory request was completed. (0x12B)
[1102/210232.140:WARNING:pe_image_reader.cc(340)] could not read dos header from C:\WINDOWS\System32\OLEAUT32.dll
[1102/210232.140:ERROR:process_memory_win.cc(73)] ReadMemory at 0x7ffa05c10000 of 64 bytes failed: Only part of a ReadProcessMemory or WriteProcessMemory request was completed. (0x12B)
[1102/210232.141:WARNING:pe_image_reader.cc(340)] could not read dos header from C:\WINDOWS\System32\combase.dll
[1102/210232.141:ERROR:process_memory_win.cc(73)] ReadMemory at 0x7ffa08360000 of 64 bytes failed: Only part of a ReadProcessMemory or WriteProcessMemory request was completed. (0x12B)
[1102/210232.141:WARNING:pe_image_reader.cc(340)] could not read dos header from C:\WINDOWS\System32\WS2_32.dll
[1102/210232.141:ERROR:process_memory_win.cc(73)] ReadMemory at 0x7ffa04730000 of 64 bytes failed: Only part of a ReadProcessMemory or WriteProcessMemory request was completed. (0x12B)
[1102/210232.141:WARNING:pe_image_reader.cc(340)] could not read dos header from C:\WINDOWS\System32\WINTRUST.dll
[1102/210232.141:ERROR:process_memory_win.cc(73)] ReadMemory at 0x7ffa044a0000 of 64 bytes failed: Only part of a ReadProcessMemory or WriteProcessMemory request was completed. (0x12B)
[1102/210232.141:WARNING:pe_image_reader.cc(340)] could not read dos header from C:\WINDOWS\System32\MSASN1.dll
[1102/210232.141:ERROR:process_memory_win.cc(73)] ReadMemory at 0x7ffa052a0000 of 64 bytes failed: Only part of a ReadProcessMemory or WriteProcessMemory request was completed. (0x12B)
[1102/210232.141:WARNING:pe_image_reader.cc(340)] could not read dos header from C:\WINDOWS\System32\CRYPT32.dll
[1102/210232.141:ERROR:process_memory_win.cc(73)] ReadMemory at 0x7ffa03980000 of 64 bytes failed: Only part of a ReadProcessMemory or WriteProcessMemory request was completed. (0x12B)
[1102/210232.141:WARNING:pe_image_reader.cc(340)] could not read dos header from C:\WINDOWS\SYSTEM32\IPHLPAPI.DLL
[1102/210232.141:ERROR:process_memory_win.cc(73)] ReadMemory at 0x7ffa015e0000 of 64 bytes failed: Only part of a ReadProcessMemory or WriteProcessMemory request was completed. (0x12B)
[1102/210232.141:WARNING:pe_image_reader.cc(340)] could not read dos header from C:\WINDOWS\SYSTEM32\WINMM.dll
[1102/210232.141:ERROR:process_memory_win.cc(73)] ReadMemory at 0x7ffa04320000 of 64 bytes failed: Only part of a ReadProcessMemory or WriteProcessMemory request was completed. (0x12B)
[1102/210232.142:WARNING:pe_image_reader.cc(340)] could not read dos header from C:\WINDOWS\SYSTEM32\USERENV.dll
[1102/210232.142:ERROR:process_memory_win.cc(73)] ReadMemory at 0x7ffa043f0000 of 64 bytes failed: Only part of a ReadProcessMemory or WriteProcessMemory request was completed. (0x12B)
[1102/210232.142:WARNING:pe_image_reader.cc(340)] could not read dos header from C:\WINDOWS\System32\profapi.dll
[1102/210232.142:ERROR:process_memory_win.cc(73)] ReadMemory at 0x7ff9f8410000 of 64 bytes failed: Only part of a ReadProcessMemory or WriteProcessMemory request was completed. (0x12B)
[1102/210232.142:WARNING:pe_image_reader.cc(340)] could not read dos header from C:\WINDOWS\SYSTEM32\DWrite.dll
[1102/210232.142:ERROR:process_memory_win.cc(73)] ReadMemory at 0x7ff9fb580000 of 64 bytes failed: Only part of a ReadProcessMemory or WriteProcessMemory request was completed. (0x12B)
[1102/210232.142:WARNING:pe_image_reader.cc(340)] could not read dos header from C:\WINDOWS\SYSTEM32\WINSPOOL.DRV
[1102/210232.142:ERROR:process_memory_win.cc(73)] ReadMemory at 0x7ffa04480000 of 64 bytes failed: Only part of a ReadProcessMemory or WriteProcessMemory request was completed. (0x12B)
[1102/210232.142:WARNING:pe_image_reader.cc(340)] could not read dos header from C:\WINDOWS\System32\kernel.appcore.dll
[1102/210232.142:ERROR:process_memory_win.cc(73)] ReadMemory at 0x7ff9f5690000 of 64 bytes failed: Only part of a ReadProcessMemory or WriteProcessMemory request was completed. (0x12B)
[1102/210232.142:WARNING:pe_image_reader.cc(340)] could not read dos header from C:\WINDOWS\SYSTEM32\dbghelp.dll
[1102/210232.142:ERROR:process_memory_win.cc(73)] ReadMemory at 0x7ff9f4d30000 of 64 bytes failed: Only part of a ReadProcessMemory or WriteProcessMemory request was completed. (0x12B)
[1102/210232.142:WARNING:pe_image_reader.cc(340)] could not read dos header from C:\WINDOWS\SYSTEM32\Secur32.dll
[1102/210232.143:ERROR:process_memory_win.cc(73)] ReadMemory at 0x7ff9fae70000 of 64 bytes failed: Only part of a ReadProcessMemory or WriteProcessMemory request was completed. (0x12B)
[1102/210232.143:WARNING:pe_image_reader.cc(340)] could not read dos header from C:\WINDOWS\SYSTEM32\WINHTTP.dll
[1102/210232.143:ERROR:process_memory_win.cc(73)] ReadMemory at 0x7ff9fb540000 of 64 bytes failed: Only part of a ReadProcessMemory or WriteProcessMemory request was completed. (0x12B)
[1102/210232.143:WARNING:pe_image_reader.cc(340)] could not read dos header from C:\WINDOWS\SYSTEM32\dhcpcsvc.DLL
[1102/210232.143:ERROR:process_memory_win.cc(73)] ReadMemory at 0x7ffa05fc0000 of 64 bytes failed: Only part of a ReadProcessMemory or WriteProcessMemory request was completed. (0x12B)
[1102/210232.143:WARNING:pe_image_reader.cc(340)] could not read dos header from C:\WINDOWS\System32\NSI.dll
[1102/210232.143:ERROR:process_memory_win.cc(73)] ReadMemory at 0x7ffa01150000 of 64 bytes failed: Only part of a ReadProcessMemory or WriteProcessMemory request was completed. (0x12B)
[1102/210232.143:WARNING:pe_image_reader.cc(340)] could not read dos header from C:\WINDOWS\SYSTEM32\WINMMBASE.dll
[1102/210232.143:ERROR:process_memory_win.cc(73)] ReadMemory at 0x7ffa04580000 of 64 bytes failed: Only part of a ReadProcessMemory or WriteProcessMemory request was completed. (0x12B)
[1102/210232.143:WARNING:pe_image_reader.cc(340)] could not read dos header from C:\WINDOWS\System32\cfgmgr32.dll
[1102/210232.143:ERROR:process_memory_win.cc(73)] ReadMemory at 0x7ffa042f0000 of 64 bytes failed: Only part of a ReadProcessMemory or WriteProcessMemory request was completed. (0x12B)
[1102/210232.143:WARNING:pe_image_reader.cc(340)] could not read dos header from C:\WINDOWS\SYSTEM32\SSPICLI.DLL
[1102/210232.143:ERROR:process_memory_win.cc(73)] ReadMemory at 0x7ffa04680000 of 64 bytes failed: Only part of a ReadProcessMemory or WriteProcessMemory request was completed. (0x12B)
[1102/210232.143:WARNING:pe_image_reader.cc(340)] could not read dos header from C:\WINDOWS\System32\bcrypt.dll
[1102/210232.143:ERROR:process_memory_win.cc(73)] ReadMemory at 0x7ffa00dd0000 of 64 bytes failed: Only part of a ReadProcessMemory or WriteProcessMemory request was completed. (0x12B)
[1102/210232.143:WARNING:pe_image_reader.cc(340)] could not read dos header from C:\WINDOWS\SYSTEM32\PROPSYS.dll
[1102/210232.143:ERROR:process_memory_win.cc(73)] ReadMemory at 0x7ffa08150000 of 64 bytes failed: Only part of a ReadProcessMemory or WriteProcessMemory request was completed. (0x12B)
[1102/210232.144:WARNING:pe_image_reader.cc(340)] could not read dos header from C:\WINDOWS\System32\shcore.dll
[1102/210232.144:ERROR:process_memory_win.cc(73)] ReadMemory at 0x7ff9d3f20000 of 64 bytes failed: Only part of a ReadProcessMemory or WriteProcessMemory request was completed. (0x12B)
[1102/210232.144:WARNING:pe_image_reader.cc(340)] could not read dos header from C:\Program Files\Acer\Acer Power Management\SysHook.dll
[1102/210232.144:ERROR:process_memory_win.cc(73)] ReadMemory at 0x7ffa059b0000 of 64 bytes failed: Only part of a ReadProcessMemory or WriteProcessMemory request was completed. (0x12B)
[1102/210232.144:WARNING:pe_image_reader.cc(340)] could not read dos header from C:\WINDOWS\System32\COMDLG32.dll
[1102/210232.144:ERROR:process_memory_win.cc(73)] ReadMemory at 0x7ffa06120000 of 64 bytes failed: Only part of a ReadProcessMemory or WriteProcessMemory request was completed. (0x12B)
[1102/210232.144:WARNING:pe_image_reader.cc(340)] could not read dos header from C:\WINDOWS\System32\SHLWAPI.dll
[1102/210232.144:ERROR:process_memory_win.cc(73)] ReadMemory at 0x7ff9e5090000 of 64 bytes failed: Only part of a ReadProcessMemory or WriteProcessMemory request was completed. (0x12B)
[1102/210232.144:WARNING:pe_image_reader.cc(340)] could not read dos header from C:\WINDOWS\SYSTEM32\MSIMG32.dll
[1102/210232.144:ERROR:process_memory_win.cc(73)] ReadMemory at 0x7ffa06610000 of 64 bytes failed: Only part of a ReadProcessMemory or WriteProcessMemory request was completed. (0x12B)
[1102/210232.144:WARNING:pe_image_reader.cc(340)] could not read dos header from C:\WINDOWS\System32\SHELL32.dll
[1102/210232.144:ERROR:process_memory_win.cc(73)] ReadMemory at 0x7ffa047b0000 of 64 bytes failed: Only part of a ReadProcessMemory or WriteProcessMemory request was completed. (0x12B)
[1102/210232.144:WARNING:pe_image_reader.cc(340)] could not read dos header from C:\WINDOWS\System32\windows.storage.dll
[1102/210232.145:ERROR:process_memory_win.cc(73)] ReadMemory at 0x7ff9f5f50000 of 64 bytes failed: Only part of a ReadProcessMemory or WriteProcessMemory request was completed. (0x12B)
[1102/210232.145:WARNING:pe_image_reader.cc(340)] could not read dos header from C:\WINDOWS\WinSxS\amd64_microsoft.windows.common-controls_6595b64144ccf1df_6.0.17763.802_none_05b1445c0722d2cc\COMCTL32.dll
[1102/210232.145:ERROR:process_memory_win.cc(73)] ReadMemory at 0x7ffa04420000 of 64 bytes failed: Only part of a ReadProcessMemory or WriteProcessMemory request was completed. (0x12B)
[1102/210232.145:WARNING:pe_image_reader.cc(340)] could not read dos header from C:\WINDOWS\System32\powrprof.dll
[1102/210232.145:ERROR:process_memory_win.cc(73)] ReadMemory at 0x7ffa04790000 of 64 bytes failed: Only part of a ReadProcessMemory or WriteProcessMemory request was completed. (0x12B)
[1102/210232.145:WARNING:pe_image_reader.cc(340)] could not read dos header from C:\WINDOWS\System32\cryptsp.dll
[1102/210232.145:ERROR:process_memory_win.cc(73)] ReadMemory at 0x7ffa08200000 of 64 bytes failed: Only part of a ReadProcessMemory or WriteProcessMemory request was completed. (0x12B)
[1102/210232.145:WARNING:pe_image_reader.cc(340)] could not read dos header from C:\WINDOWS\System32\ole32.dll
[1102/210232.145:ERROR:process_memory_win.cc(73)] ReadMemory at 0x7ff9ea160000 of 64 bytes failed: Only part of a ReadProcessMemory or WriteProcessMemory request was completed. (0x12B)
[1102/210232.145:WARNING:pe_image_reader.cc(340)] could not read dos header from C:\WINDOWS\WinSxS\amd64_microsoft.windows.gdiplus_6595b64144ccf1df_1.1.17763.802_none_369c374161b54c9a\gdiplus.dll
[1102/210232.145:ERROR:process_memory_win.cc(73)] ReadMemory at 0x7ff9e65e0000 of 64 bytes failed: Only part of a ReadProcessMemory or WriteProcessMemory request was completed. (0x12B)
[1102/210232.145:WARNING:pe_image_reader.cc(340)] could not read dos header from C:\WINDOWS\SYSTEM32\OLEACC.dll
[1102/210232.145:ERROR:process_memory_win.cc(73)] ReadMemory at 0x7ffa02810000 of 64 bytes failed: Only part of a ReadProcessMemory or WriteProcessMemory request was completed. (0x12B)
[1102/210232.145:WARNING:pe_image_reader.cc(340)] could not read dos header from C:\WINDOWS\SYSTEM32\UxTheme.dll
[1102/210232.145:ERROR:process_memory_win.cc(73)] ReadMemory at 0x7ffa02a90000 of 64 bytes failed: Only part of a ReadProcessMemory or WriteProcessMemory request was completed. (0x12B)
[1102/210232.146:WARNING:pe_image_reader.cc(340)] could not read dos header from C:\WINDOWS\SYSTEM32\dwmapi.dll
[1102/210232.146:ERROR:process_memory_win.cc(73)] ReadMemory at 0x7ffa03e30000 of 64 bytes failed: Only part of a ReadProcessMemory or WriteProcessMemory request was completed. (0x12B)
[1102/210232.146:WARNING:pe_image_reader.cc(340)] could not read dos header from C:\WINDOWS\SYSTEM32\CRYPTBASE.DLL
[1102/210232.146:ERROR:process_memory_win.cc(73)] ReadMemory at 0x7ff9ef1b0000 of 64 bytes failed: Only part of a ReadProcessMemory or WriteProcessMemory request was completed. (0x12B)
[1102/210232.146:WARNING:pe_image_reader.cc(340)] could not read dos header from C:\WINDOWS\SYSTEM32\mf.dll
[1102/210232.146:ERROR:process_memory_win.cc(73)] ReadMemory at 0x7ff9e0460000 of 64 bytes failed: Only part of a ReadProcessMemory or WriteProcessMemory request was completed. (0x12B)
[1102/210232.146:WARNING:pe_image_reader.cc(340)] could not read dos header from C:\WINDOWS\SYSTEM32\mfplat.dll
[1102/210232.146:ERROR:process_memory_win.cc(73)] ReadMemory at 0x7ff9eedd0000 of 64 bytes failed: Only part of a ReadProcessMemory or WriteProcessMemory request was completed. (0x12B)
[1102/210232.146:WARNING:pe_image_reader.cc(340)] could not read dos header from C:\WINDOWS\SYSTEM32\RTWorkQ.DLL
[1102/210232.146:ERROR:process_memory_win.cc(73)] ReadMemory at 0x7ff9ce5d0000 of 64 bytes failed: Only part of a ReadProcessMemory or WriteProcessMemory request was completed. (0x12B)
[1102/210232.146:WARNING:pe_image_reader.cc(340)] could not read dos header from C:\WINDOWS\SYSTEM32\msmpeg2vdec.dll
[1102/210232.146:ERROR:process_memory_win.cc(73)] ReadMemory at 0x7ff9d5850000 of 64 bytes failed: Only part of a ReadProcessMemory or WriteProcessMemory request was completed. (0x12B)
[1102/210232.146:WARNING:pe_image_reader.cc(340)] could not read dos header from C:\WINDOWS\SYSTEM32\mfperfhelper.dll
[1102/210232.147:ERROR:process_memory_win.cc(73)] ReadMemory at 0x7ff9fdf90000 of 64 bytes failed: Only part of a ReadProcessMemory or WriteProcessMemory request was completed. (0x12B)
[1102/210232.147:WARNING:pe_image_reader.cc(340)] could not read dos header from C:\WINDOWS\SYSTEM32\dxva2.dll
[1102/210232.147:ERROR:process_memory_win.cc(73)] ReadMemory at 0x7ff9cdbe0000 of 64 bytes failed: Only part of a ReadProcessMemory or WriteProcessMemory request was completed. (0x12B)
[1102/210232.147:WARNING:pe_image_reader.cc(340)] could not read dos header from C:\WINDOWS\SYSTEM32\msvproc.dll
[1102/210232.147:ERROR:process_memory_win.cc(73)] ReadMemory at 0x7ff9fd360000 of 64 bytes failed: Only part of a ReadProcessMemory or WriteProcessMemory request was completed. (0x12B)
[1102/210232.147:WARNING:pe_image_reader.cc(340)] could not read dos header from C:\WINDOWS\SYSTEM32\CompPkgSup.DLL
[1102/210232.147:ERROR:process_memory_win.cc(73)] ReadMemory at 0x7ff9df530000 of 64 bytes failed: Only part of a ReadProcessMemory or WriteProcessMemory request was completed. (0x12B)
[1102/210232.147:WARNING:pe_image_reader.cc(340)] could not read dos header from C:\WINDOWS\SYSTEM32\vulkan-1.dll
[1102/210232.148:ERROR:process_memory_win.cc(73)] ReadMemory at 0x7ff9b0910000 of 64 bytes failed: Only part of a ReadProcessMemory or WriteProcessMemory request was completed. (0x12B)
[1102/210232.148:WARNING:pe_image_reader.cc(340)] could not read dos header from C:\WINDOWS\System32\DriverStore\FileRepository\c0342855.inf_amd64_e2ef814e68f7dc8c\B342717\amdvlk64.dll
[1102/210232.148:ERROR:process_memory_win.cc(73)] ReadMemory at 0x7ffa06190000 of 64 bytes failed: Only part of a ReadProcessMemory or WriteProcessMemory request was completed. (0x12B)
[1102/210232.148:WARNING:pe_image_reader.cc(340)] could not read dos header from C:\WINDOWS\System32\SETUPAPI.dll
[1102/210232.148:ERROR:process_memory_win.cc(73)] ReadMemory at 0x7ffa03120000 of 64 bytes failed: Only part of a ReadProcessMemory or WriteProcessMemory request was completed. (0x12B)
[1102/210232.148:WARNING:pe_image_reader.cc(340)] could not read dos header from C:\WINDOWS\SYSTEM32\dxgi.dll
[1102/210232.148:ERROR:process_memory_win.cc(73)] ReadMemory at 0x7ffa04200000 of 64 bytes failed: Only part of a ReadProcessMemory or WriteProcessMemory request was completed. (0x12B)
[1102/210232.148:WARNING:pe_image_reader.cc(340)] could not read dos header from C:\WINDOWS\SYSTEM32\DEVOBJ.dll
[1102/210232.173:ERROR:process_memory_win.cc(73)] ReadMemory at 0x8949df4000 of 49152 bytes failed: Only part of a ReadProcessMemory or WriteProcessMemory request was completed. (0x12B)
[1102/210232.173:ERROR:process_memory_win.cc(73)] ReadMemory at 0x894a5fd000 of 12288 bytes failed: Only part of a ReadProcessMemory or WriteProcessMemory request was completed. (0x12B)
[1102/210232.173:ERROR:process_memory_win.cc(73)] ReadMemory at 0x894adfe000 of 8192 bytes failed: Only part of a ReadProcessMemory or WriteProcessMemory request was completed. (0x12B)
[1102/210232.174:ERROR:process_memory_win.cc(73)] ReadMemory at 0x894b5fe000 of 8192 bytes failed: Only part of a ReadProcessMemory or WriteProcessMemory request was completed. (0x12B)
[1102/210232.174:ERROR:process_memory_win.cc(73)] ReadMemory at 0x894bdfe000 of 8192 bytes failed: Only part of a ReadProcessMemory or WriteProcessMemory request was completed. (0x12B)
[1102/210232.174:ERROR:process_memory_win.cc(73)] ReadMemory at 0x894c5fd000 of 12288 bytes failed: Only part of a ReadProcessMemory or WriteProcessMemory request was completed. (0x12B)
[1102/210232.174:ERROR:process_memory_win.cc(73)] ReadMemory at 0x894cdfd000 of 12288 bytes failed: Only part of a ReadProcessMemory or WriteProcessMemory request was completed. (0x12B)
[1102/210232.178:ERROR:process_memory_win.cc(73)] ReadMemory at 0x894d5fd000 of 12288 bytes failed: Only part of a ReadProcessMemory or WriteProcessMemory request was completed. (0x12B)
[1102/210232.178:ERROR:process_memory_win.cc(73)] ReadMemory at 0x894ddfc000 of 16384 bytes failed: Only part of a ReadProcessMemory or WriteProcessMemory request was completed. (0x12B)
[1102/210232.179:ERROR:process_memory_win.cc(73)] ReadMemory at 0x894e5fe000 of 8192 bytes failed: Only part of a ReadProcessMemory or WriteProcessMemory request was completed. (0x12B)
[1102/210232.179:ERROR:process_memory_win.cc(73)] ReadMemory at 0x894edfd000 of 12288 bytes failed: Only part of a ReadProcessMemory or WriteProcessMemory request was completed. (0x12B)
[1102/210232.180:ERROR:process_memory_win.cc(73)] ReadMemory at 0x8949400000 of 6024 bytes failed: Only part of a ReadProcessMemory or WriteProcessMemory request was completed. (0x12B)
[1102/210232.180:ERROR:process_memory_win.cc(73)] ReadMemory at 0x89495ea000 of 852 bytes failed: Only part of a ReadProcessMemory or WriteProcessMemory request was completed. (0x12B)
[1102/210232.180:ERROR:process_memory_win.cc(73)] ReadMemory at 0x89495eb000 of 6024 bytes failed: Only part of a ReadProcessMemory or WriteProcessMemory request was completed. (0x12B)
[1102/210232.180:ERROR:process_memory_win.cc(73)] ReadMemory at 0x89495ed000 of 6024 bytes failed: Only part of a ReadProcessMemory or WriteProcessMemory request was completed. (0x12B)
[1102/210232.181:ERROR:process_memory_win.cc(73)] ReadMemory at 0x89495ef000 of 6024 bytes failed: Only part of a ReadProcessMemory or WriteProcessMemory request was completed. (0x12B)
[1102/210232.181:ERROR:process_memory_win.cc(73)] ReadMemory at 0x89495f1000 of 6024 bytes failed: Only part of a ReadProcessMemory or WriteProcessMemory request was completed. (0x12B)
[1102/210232.182:ERROR:process_memory_win.cc(73)] ReadMemory at 0x89495f3000 of 6024 bytes failed: Only part of a ReadProcessMemory or WriteProcessMemory request was completed. (0x12B)
[1102/210232.182:ERROR:process_memory_win.cc(73)] ReadMemory at 0x89495f5000 of 6024 bytes failed: Only part of a ReadProcessMemory or WriteProcessMemory request was completed. (0x12B)
[1102/210232.182:ERROR:process_memory_win.cc(73)] ReadMemory at 0x89495f7000 of 6024 bytes failed: Only part of a ReadProcessMemory or WriteProcessMemory request was completed. (0x12B)
[1102/210232.182:ERROR:process_memory_win.cc(73)] ReadMemory at 0x89495f9000 of 6024 bytes failed: Only part of a ReadProcessMemory or WriteProcessMemory request was completed. (0x12B)
[1102/210232.183:ERROR:process_memory_win.cc(73)] ReadMemory at 0x89495fb000 of 6024 bytes failed: Only part of a ReadProcessMemory or WriteProcessMemory request was completed. (0x12B)
[1102/210232.183:ERROR:process_memory_win.cc(73)] ReadMemory at 0x89495fd000 of 6024 bytes failed: Only part of a ReadProcessMemory or WriteProcessMemory request was completed. (0x12B)
[1102/210232.184:ERROR:process_memory_win.cc(73)] ReadMemory at 0x1f2c71a0fe0 of 16512 bytes failed: Only part of a ReadProcessMemory or WriteProcessMemory request was completed. (0x12B)
[1102/210232.184:ERROR:process_memory_win.cc(73)] ReadMemory at 0x1f2c71a5070 of 1012 bytes failed: Only part of a ReadProcessMemory or WriteProcessMemory request was completed. (0x12B)
[1102/210232.185:ERROR:process_memory_win.cc(73)] ReadMemory at 0x1f2c71a5698 of 118 bytes failed: Only part of a ReadProcessMemory or WriteProcessMemory request was completed. (0x12B)
[1102/210232.185:ERROR:process_memory_win.cc(73)] ReadMemory at 0x1f2c71a5710 of 1144 bytes failed: Only part of a ReadProcessMemory or WriteProcessMemory request was completed. (0x12B)
[1102/210232.185:ERROR:process_memory_win.cc(73)] ReadMemory at 0x1f2c71a5b8a of 118 bytes failed: Only part of a ReadProcessMemory or WriteProcessMemory request was completed. (0x12B)
[1102/210232.185:ERROR:process_memory_win.cc(73)] ReadMemory at 0x1f2c71a5c02 of 30 bytes failed: Only part of a ReadProcessMemory or WriteProcessMemory request was completed. (0x12B)
[1102/210232.185:ERROR:process_memory_win.cc(73)] ReadMemory at 0x1f2c71a5c30 of 58 bytes failed: Only part of a ReadProcessMemory or WriteProcessMemory request was completed. (0x12B)
[1102/210232.185:ERROR:process_memory_win.cc(73)] ReadMemory at 0x1f2c71a5d30 of 132 bytes failed: Only part of a ReadProcessMemory or WriteProcessMemory request was completed. (0x12B)
[1102/210232.185:ERROR:process_memory_win.cc(73)] ReadMemory at 0x1f2c71a5ec0 of 132 bytes failed: Only part of a ReadProcessMemory or WriteProcessMemory request was completed. (0x12B)
[1102/210232.186:ERROR:process_memory_win.cc(73)] ReadMemory at 0x1f2c71a6460 of 132 bytes failed: Only part of a ReadProcessMemory or WriteProcessMemory request was completed. (0x12B)
[1102/210232.186:ERROR:process_memory_win.cc(73)] ReadMemory at 0x1f2c71a65c0 of 512 bytes failed: Only part of a ReadProcessMemory or WriteProcessMemory request was completed. (0x12B)
[1102/210232.186:ERROR:process_memory_win.cc(73)] ReadMemory at 0x1f2c71a6a50 of 132 bytes failed: Only part of a ReadProcessMemory or WriteProcessMemory request was completed. (0x12B)
[1102/210232.186:ERROR:process_memory_win.cc(73)] ReadMemory at 0x1f2c71a6be0 of 68 bytes failed: Only part of a ReadProcessMemory or WriteProcessMemory request was completed. (0x12B)
[1102/210232.186:ERROR:process_memory_win.cc(73)] ReadMemory at 0x1f2c71a7da0 of 132 bytes failed: Only part of a ReadProcessMemory or WriteProcessMemory request was completed. (0x12B)
[1102/210232.186:ERROR:process_memory_win.cc(73)] ReadMemory at 0x1f2c71a7fb0 of 132 bytes failed: Only part of a ReadProcessMemory or WriteProcessMemory request was completed. (0x12B)
[1102/210232.186:ERROR:process_memory_win.cc(73)] ReadMemory at 0x1f2c71a8140 of 152 bytes failed: Only part of a ReadProcessMemory or WriteProcessMemory request was completed. (0x12B)
[1102/210232.186:ERROR:process_memory_win.cc(73)] ReadMemory at 0x1f2c71a8200 of 512 bytes failed: Only part of a ReadProcessMemory or WriteProcessMemory request was completed. (0x12B)
[1102/210232.187:ERROR:process_memory_win.cc(73)] ReadMemory at 0x1f2c71a8630 of 512 bytes failed: Only part of a ReadProcessMemory or WriteProcessMemory request was completed. (0x12B)
[1102/210232.187:ERROR:process_memory_win.cc(73)] ReadMemory at 0x1f2c71aa4a0 of 62 bytes failed: Only part of a ReadProcessMemory or WriteProcessMemory request was completed. (0x12B)
[1102/210232.187:ERROR:process_memory_win.cc(73)] ReadMemory at 0x1f2c71aa6e0 of 132 bytes failed: Only part of a ReadProcessMemory or WriteProcessMemory request was completed. (0x12B)
[1102/210232.187:ERROR:process_memory_win.cc(73)] ReadMemory at 0x1f2c71aa870 of 60 bytes failed: Only part of a ReadProcessMemory or WriteProcessMemory request was completed. (0x12B)
[1102/210232.187:ERROR:process_memory_win.cc(73)] ReadMemory at 0x1f2c71adf90 of 512 bytes failed: Only part of a ReadProcessMemory or WriteProcessMemory request was completed. (0x12B)
[1102/210232.187:ERROR:process_memory_win.cc(73)] ReadMemory at 0x1f2c71b0ac0 of 132 bytes failed: Only part of a ReadProcessMemory or WriteProcessMemory request was completed. (0x12B)
[1102/210232.187:ERROR:process_memory_win.cc(73)] ReadMemory at 0x1f2c71b0c50 of 80 bytes failed: Only part of a ReadProcessMemory or WriteProcessMemory request was completed. (0x12B)
[1102/210232.187:ERROR:process_memory_win.cc(73)] ReadMemory at 0x1f2c71b1730 of 54 bytes failed: Only part of a ReadProcessMemory or WriteProcessMemory request was completed. (0x12B)
[1102/210232.187:ERROR:process_memory_win.cc(73)] ReadMemory at 0x1f2c71b51b0 of 132 bytes failed: Only part of a ReadProcessMemory or WriteProcessMemory request was completed. (0x12B)
[1102/210232.188:ERROR:process_memory_win.cc(73)] ReadMemory at 0x1f2c71b5d40 of 156 bytes failed: Only part of a ReadProcessMemory or WriteProcessMemory request was completed. (0x12B)
[1102/210232.188:ERROR:process_memory_win.cc(73)] ReadMemory at 0x1f2c71b5f30 of 60 bytes failed: Only part of a ReadProcessMemory or WriteProcessMemory request was completed. (0x12B)
[1102/210232.188:ERROR:process_memory_win.cc(73)] ReadMemory at 0x1f2c71b6020 of 66 bytes failed: Only part of a ReadProcessMemory or WriteProcessMemory request was completed. (0x12B)
[1102/210232.188:ERROR:process_memory_win.cc(73)] ReadMemory at 0x1f2c71b6160 of 64 bytes failed: Only part of a ReadProcessMemory or WriteProcessMemory request was completed. (0x12B)
[1102/210232.188:ERROR:process_memory_win.cc(73)] ReadMemory at 0x1f2c71b61b0 of 62 bytes failed: Only part of a ReadProcessMemory or WriteProcessMemory request was completed. (0x12B)
[1102/210232.188:ERROR:process_memory_win.cc(73)] ReadMemory at 0x1f2c71b6200 of 66 bytes failed: Only part of a ReadProcessMemory or WriteProcessMemory request was completed. (0x12B)
[1102/210232.188:ERROR:process_memory_win.cc(73)] ReadMemory at 0x1f2c71b6520 of 58 bytes failed: Only part of a ReadProcessMemory or WriteProcessMemory request was completed. (0x12B)
[1102/210232.188:ERROR:process_memory_win.cc(73)] ReadMemory at 0x1f2c71b6890 of 64 bytes failed: Only part of a ReadProcessMemory or WriteProcessMemory request was completed. (0x12B)
[1102/210232.189:ERROR:process_memory_win.cc(73)] ReadMemory at 0x1f2c71b6bb0 of 58 bytes failed: Only part of a ReadProcessMemory or WriteProcessMemory request was completed. (0x12B)
[1102/210232.189:ERROR:process_memory_win.cc(73)] ReadMemory at 0x1f2c71b6c00 of 64 bytes failed: Only part of a ReadProcessMemory or WriteProcessMemory request was completed. (0x12B)
[1102/210232.189:ERROR:process_memory_win.cc(73)] ReadMemory at 0x1f2c71b6ca0 of 60 bytes failed: Only part of a ReadProcessMemory or WriteProcessMemory request was completed. (0x12B)
[1102/210232.189:ERROR:process_memory_win.cc(73)] ReadMemory at 0x1f2c71b6cf0 of 60 bytes failed: Only part of a ReadProcessMemory or WriteProcessMemory request was completed. (0x12B)
[1102/210232.189:ERROR:process_memory_win.cc(73)] ReadMemory at 0x1f2c71b8040 of 132 bytes failed: Only part of a ReadProcessMemory or WriteProcessMemory request was completed. (0x12B)
[1102/210232.189:ERROR:process_memory_win.cc(73)] ReadMemory at 0x1f2c71b8710 of 132 bytes failed: Only part of a ReadProcessMemory or WriteProcessMemory request was completed. (0x12B)
[1102/210232.189:ERROR:process_memory_win.cc(73)] ReadMemory at 0x1f2c71b8840 of 132 bytes failed: Only part of a ReadProcessMemory or WriteProcessMemory request was completed. (0x12B)
[1102/210232.189:ERROR:process_memory_win.cc(73)] ReadMemory at 0x1f2c71b9160 of 132 bytes failed: Only part of a ReadProcessMemory or WriteProcessMemory request was completed. (0x12B)
[1102/210232.190:ERROR:process_memory_win.cc(73)] ReadMemory at 0x1f2c71b9290 of 132 bytes failed: Only part of a ReadProcessMemory or WriteProcessMemory request was completed. (0x12B)
[1102/210232.190:ERROR:process_memory_win.cc(73)] ReadMemory at 0x1f2c71bb500 of 132 bytes failed: Only part of a ReadProcessMemory or WriteProcessMemory request was completed. (0x12B)
[1102/210232.190:ERROR:process_memory_win.cc(73)] ReadMemory at 0x1f2c71bb630 of 132 bytes failed: Only part of a ReadProcessMemory or WriteProcessMemory request was completed. (0x12B)
[1102/210232.190:ERROR:process_memory_win.cc(73)] ReadMemory at 0x1f2c71bb760 of 132 bytes failed: Only part of a ReadProcessMemory or WriteProcessMemory request was completed. (0x12B)
[1102/210232.190:ERROR:process_memory_win.cc(73)] ReadMemory at 0x1f2c71bf3d0 of 132 bytes failed: Only part of a ReadProcessMemory or WriteProcessMemory request was completed. (0x12B)
[1102/210232.190:ERROR:process_memory_win.cc(73)] ReadMemory at 0x1f2c71bf500 of 132 bytes failed: Only part of a ReadProcessMemory or WriteProcessMemory request was completed. (0x12B)
[1102/210232.190:ERROR:process_memory_win.cc(73)] ReadMemory at 0x1f2c71bf630 of 132 bytes failed: Only part of a ReadProcessMemory or WriteProcessMemory request was completed. (0x12B)
[1102/210232.190:ERROR:process_memory_win.cc(73)] ReadMemory at 0x1f2c71bf760 of 132 bytes failed: Only part of a ReadProcessMemory or WriteProcessMemory request was completed. (0x12B)
[1102/210232.190:ERROR:process_memory_win.cc(73)] ReadMemory at 0x1f2c71bf890 of 132 bytes failed: Only part of a ReadProcessMemory or WriteProcessMemory request was completed. (0x12B)
[1102/210232.191:ERROR:process_memory_win.cc(73)] ReadMemory at 0x1f2c71bf9c0 of 132 bytes failed: Only part of a ReadProcessMemory or WriteProcessMemory request was completed. (0x12B)
[1102/210232.191:ERROR:process_memory_win.cc(73)] ReadMemory at 0x1f2c71bfaf0 of 132 bytes failed: Only part of a ReadProcessMemory or WriteProcessMemory request was completed. (0x12B)
[1102/210232.191:ERROR:process_memory_win.cc(73)] ReadMemory at 0x1f2c71bfc20 of 132 bytes failed: Only part of a ReadProcessMemory or WriteProcessMemory request was completed. (0x12B)
[1102/210232.191:ERROR:process_memory_win.cc(73)] ReadMemory at 0x1f2c71bfd50 of 132 bytes failed: Only part of a ReadProcessMemory or WriteProcessMemory request was completed. (0x12B)
[1102/210232.191:ERROR:process_memory_win.cc(73)] ReadMemory at 0x1f2c71bfe80 of 132 bytes failed: Only part of a ReadProcessMemory or WriteProcessMemory request was completed. (0x12B)
[1102/210232.191:ERROR:process_memory_win.cc(73)] ReadMemory at 0x1f2c71bffb0 of 132 bytes failed: Only part of a ReadProcessMemory or WriteProcessMemory request was completed. (0x12B)
[1102/210232.191:ERROR:process_memory_win.cc(73)] ReadMemory at 0x1f2c71c00e0 of 132 bytes failed: Only part of a ReadProcessMemory or WriteProcessMemory request was completed. (0x12B)
[1102/210232.192:ERROR:process_memory_win.cc(73)] ReadMemory at 0x1f2c71c0210 of 132 bytes failed: Only part of a ReadProcessMemory or WriteProcessMemory request was completed. (0x12B)
[1102/210232.192:ERROR:process_memory_win.cc(73)] ReadMemory at 0x1f2c71c1650 of 78 bytes failed: Only part of a ReadProcessMemory or WriteProcessMemory request was completed. (0x12B)
[1102/210232.192:ERROR:process_memory_win.cc(73)] ReadMemory at 0x1f2c71c1ad0 of 76 bytes failed: Only part of a ReadProcessMemory or WriteProcessMemory request was completed. (0x12B)
[1102/210232.192:ERROR:process_memory_win.cc(73)] ReadMemory at 0x1f2c71c1e70 of 62 bytes failed: Only part of a ReadProcessMemory or WriteProcessMemory request was completed. (0x12B)
[1102/210232.192:ERROR:process_memory_win.cc(73)] ReadMemory at 0x1f2c71c1ec0 of 62 bytes failed: Only part of a ReadProcessMemory or WriteProcessMemory request was completed. (0x12B)
[1102/210232.192:ERROR:process_memory_win.cc(73)] ReadMemory at 0x1f2c71c20a0 of 62 bytes failed: Only part of a ReadProcessMemory or WriteProcessMemory request was completed. (0x12B)
[1102/210232.192:ERROR:process_memory_win.cc(73)] ReadMemory at 0x1f2c71c20f0 of 62 bytes failed: Only part of a ReadProcessMemory or WriteProcessMemory request was completed. (0x12B)
[1102/210232.192:ERROR:process_memory_win.cc(73)] ReadMemory at 0x1f2c71c2140 of 62 bytes failed: Only part of a ReadProcessMemory or WriteProcessMemory request was completed. (0x12B)
[1102/210232.192:ERROR:process_memory_win.cc(73)] ReadMemory at 0x1f2c71c21e0 of 64 bytes failed: Only part of a ReadProcessMemory or WriteProcessMemory request was completed. (0x12B)
[1102/210232.192:ERROR:process_memory_win.cc(73)] ReadMemory at 0x1f2c71c2370 of 60 bytes failed: Only part of a ReadProcessMemory or WriteProcessMemory request was completed. (0x12B)
[1102/210232.193:ERROR:process_memory_win.cc(73)] ReadMemory at 0x1f2c71c23c0 of 64 bytes failed: Only part of a ReadProcessMemory or WriteProcessMemory request was completed. (0x12B)
[1102/210232.193:ERROR:process_memory_win.cc(73)] ReadMemory at 0x1f2c71c2410 of 60 bytes failed: Only part of a ReadProcessMemory or WriteProcessMemory request was completed. (0x12B)
[1102/210232.193:ERROR:process_memory_win.cc(73)] ReadMemory at 0x1f2c71c24b0 of 64 bytes failed: Only part of a ReadProcessMemory or WriteProcessMemory request was completed. (0x12B)
[1102/210232.193:ERROR:process_memory_win.cc(73)] ReadMemory at 0x1f2c71c2500 of 62 bytes failed: Only part of a ReadProcessMemory or WriteProcessMemory request was completed. (0x12B)
[1102/210232.193:ERROR:process_memory_win.cc(73)] ReadMemory at 0x1f2c71c2550 of 62 bytes failed: Only part of a ReadProcessMemory or WriteProcessMemory request was completed. (0x12B)
[1102/210232.193:ERROR:process_memory_win.cc(73)] ReadMemory at 0x1f2c71c2870 of 62 bytes failed: Only part of a ReadProcessMemory or WriteProcessMemory request was completed. (0x12B)
[1102/210232.193:ERROR:process_memory_win.cc(73)] ReadMemory at 0x1f2c71c29b0 of 64 bytes failed: Only part of a ReadProcessMemory or WriteProcessMemory request was completed. (0x12B)
[1102/210232.194:ERROR:process_memory_win.cc(73)] ReadMemory at 0x1f2c71c2a00 of 60 bytes failed: Only part of a ReadProcessMemory or WriteProcessMemory request was completed. (0x12B)
[1102/210232.194:ERROR:process_memory_win.cc(73)] ReadMemory at 0x1f2c71c2aa0 of 64 bytes failed: Only part of a ReadProcessMemory or WriteProcessMemory request was completed. (0x12B)
[1102/210232.194:ERROR:process_memory_win.cc(73)] ReadMemory at 0x1f2c71c2b40 of 60 bytes failed: Only part of a ReadProcessMemory or WriteProcessMemory request was completed. (0x12B)
[1102/210232.194:ERROR:process_memory_win.cc(73)] ReadMemory at 0x1f2c71c2c30 of 66 bytes failed: Only part of a ReadProcessMemory or WriteProcessMemory request was completed. (0x12B)
[1102/210232.194:ERROR:process_memory_win.cc(73)] ReadMemory at 0x1f2c71c2c80 of 58 bytes failed: Only part of a ReadProcessMemory or WriteProcessMemory request was completed. (0x12B)
[1102/210232.194:ERROR:process_memory_win.cc(73)] ReadMemory at 0x1f2c71c2cd0 of 62 bytes failed: Only part of a ReadProcessMemory or WriteProcessMemory request was completed. (0x12B)
[1102/210232.194:ERROR:process_memory_win.cc(73)] ReadMemory at 0x1f2c71c2d70 of 60 bytes failed: Only part of a ReadProcessMemory or WriteProcessMemory request was completed. (0x12B)
[1102/210232.194:ERROR:process_memory_win.cc(73)] ReadMemory at 0x1f2c71c4180 of 110 bytes failed: Only part of a ReadProcessMemory or WriteProcessMemory request was completed. (0x12B)
[1102/210232.195:ERROR:process_memory_win.cc(73)] ReadMemory at 0x1f2c71c4920 of 132 bytes failed: Only part of a ReadProcessMemory or WriteProcessMemory request was completed. (0x12B)
[1102/210232.195:ERROR:process_memory_win.cc(73)] ReadMemory at 0x1f2c71c4a50 of 132 bytes failed: Only part of a ReadProcessMemory or WriteProcessMemory request was completed. (0x12B)
[1102/210232.195:ERROR:process_memory_win.cc(73)] ReadMemory at 0x1f2c71c4b80 of 132 bytes failed: Only part of a ReadProcessMemory or WriteProcessMemory request was completed. (0x12B)
[1102/210232.195:ERROR:process_memory_win.cc(73)] ReadMemory at 0x1f2c71c4cb0 of 132 bytes failed: Only part of a ReadProcessMemory or WriteProcessMemory request was completed. (0x12B)
[1102/210232.195:ERROR:process_memory_win.cc(73)] ReadMemory at 0x1f2c71c4de0 of 132 bytes failed: Only part of a ReadProcessMemory or WriteProcessMemory request was completed. (0x12B)
[1102/210232.195:ERROR:process_memory_win.cc(73)] ReadMemory at 0x1f2c71c4f10 of 132 bytes failed: Only part of a ReadProcessMemory or WriteProcessMemory request was completed. (0x12B)
[1102/210232.195:ERROR:process_memory_win.cc(73)] ReadMemory at 0x1f2c71c5040 of 132 bytes failed: Only part of a ReadProcessMemory or WriteProcessMemory request was completed. (0x12B)
[1102/210232.195:ERROR:process_memory_win.cc(73)] ReadMemory at 0x1f2c71c5170 of 132 bytes failed: Only part of a ReadProcessMemory or WriteProcessMemory request was completed. (0x12B)
[1102/210232.196:ERROR:process_memory_win.cc(73)] ReadMemory at 0x1f2c71c52a0 of 132 bytes failed: Only part of a ReadProcessMemory or WriteProcessMemory request was completed. (0x12B)
[1102/210232.196:ERROR:process_memory_win.cc(73)] ReadMemory at 0x1f2c71c53d0 of 132 bytes failed: Only part of a ReadProcessMemory or WriteProcessMemory request was completed. (0x12B)
[1102/210232.196:ERROR:process_memory_win.cc(73)] ReadMemory at 0x1f2c71c5500 of 132 bytes failed: Only part of a ReadProcessMemory or WriteProcessMemory request was completed. (0x12B)
[1102/210232.196:ERROR:process_memory_win.cc(73)] ReadMemory at 0x1f2c71c5630 of 132 bytes failed: Only part of a ReadProcessMemory or WriteProcessMemory request was completed. (0x12B)
[1102/210232.196:ERROR:process_memory_win.cc(73)] ReadMemory at 0x1f2c71c5760 of 132 bytes failed: Only part of a ReadProcessMemory or WriteProcessMemory request was completed. (0x12B)
[1102/210232.196:ERROR:process_memory_win.cc(73)] ReadMemory at 0x1f2c71c5890 of 132 bytes failed: Only part of a ReadProcessMemory or WriteProcessMemory request was completed. (0x12B)
[1102/210232.196:ERROR:process_memory_win.cc(73)] ReadMemory at 0x1f2c71c59c0 of 132 bytes failed: Only part of a ReadProcessMemory or WriteProcessMemory request was completed. (0x12B)
[1102/210232.197:ERROR:process_memory_win.cc(73)] ReadMemory at 0x1f2c71c5af0 of 132 bytes failed: Only part of a ReadProcessMemory or WriteProcessMemory request was completed. (0x12B)
[1102/210232.219:ERROR:process_memory_win.cc(73)] ReadMemory at 0x1f2c71c5c20 of 132 bytes failed: Only part of a ReadProcessMemory or WriteProcessMemory request was completed. (0x12B)
[1102/210232.219:ERROR:process_memory_win.cc(73)] ReadMemory at 0x1f2c71c5d50 of 132 bytes failed: Only part of a ReadProcessMemory or WriteProcessMemory request was completed. (0x12B)
[1102/210232.219:ERROR:process_memory_win.cc(73)] ReadMemory at 0x1f2c71c5e80 of 132 bytes failed: Only part of a ReadProcessMemory or WriteProcessMemory request was completed. (0x12B)
[1102/210232.219:ERROR:process_memory_win.cc(73)] ReadMemory at 0x1f2c71c5fb0 of 132 bytes failed: Only part of a ReadProcessMemory or WriteProcessMemory request was completed. (0x12B)
[1102/210232.220:ERROR:process_memory_win.cc(73)] ReadMemory at 0x1f2c71c60e0 of 132 bytes failed: Only part of a ReadProcessMemory or WriteProcessMemory request was completed. (0x12B)
[1102/210232.220:ERROR:process_memory_win.cc(73)] ReadMemory at 0x1f2c71c6210 of 132 bytes failed: Only part of a ReadProcessMemory or WriteProcessMemory request was completed. (0x12B)
[1102/210232.220:ERROR:process_memory_win.cc(73)] ReadMemory at 0x1f2c71c6340 of 132 bytes failed: Only part of a ReadProcessMemory or WriteProcessMemory request was completed. (0x12B)
[1102/210232.220:ERROR:process_memory_win.cc(73)] ReadMemory at 0x1f2c71c6470 of 132 bytes failed: Only part of a ReadProcessMemory or WriteProcessMemory request was completed. (0x12B)
[1102/210232.220:ERROR:process_memory_win.cc(73)] ReadMemory at 0x1f2c71c65a0 of 132 bytes failed: Only part of a ReadProcessMemory or WriteProcessMemory request was completed. (0x12B)
[1102/210232.220:ERROR:process_memory_win.cc(73)] ReadMemory at 0x1f2c71c66d0 of 132 bytes failed: Only part of a ReadProcessMemory or WriteProcessMemory request was completed. (0x12B)
[1102/210232.220:ERROR:process_memory_win.cc(73)] ReadMemory at 0x1f2c71c7320 of 246 bytes failed: Only part of a ReadProcessMemory or WriteProcessMemory request was completed. (0x12B)
[1102/210232.221:ERROR:process_memory_win.cc(73)] ReadMemory at 0x1f2c71d1460 of 62 bytes failed: Only part of a ReadProcessMemory or WriteProcessMemory request was completed. (0x12B)
[1102/210232.221:ERROR:process_memory_win.cc(73)] ReadMemory at 0x1f2c71d14b0 of 62 bytes failed: Only part of a ReadProcessMemory or WriteProcessMemory request was completed. (0x12B)
[1102/210232.221:ERROR:process_memory_win.cc(73)] ReadMemory at 0x1f2c71d1550 of 62 bytes failed: Only part of a ReadProcessMemory or WriteProcessMemory request was completed. (0x12B)
[1102/210232.221:ERROR:process_memory_win.cc(73)] ReadMemory at 0x1f2c71d1870 of 60 bytes failed: Only part of a ReadProcessMemory or WriteProcessMemory request was completed. (0x12B)
[1102/210232.221:ERROR:process_memory_win.cc(73)] ReadMemory at 0x1f2c71d1c30 of 64 bytes failed: Only part of a ReadProcessMemory or WriteProcessMemory request was completed. (0x12B)
[1102/210232.221:ERROR:process_memory_win.cc(73)] ReadMemory at 0x1f2c71d1d70 of 64 bytes failed: Only part of a ReadProcessMemory or WriteProcessMemory request was completed. (0x12B)
[1102/210232.221:ERROR:process_memory_win.cc(73)] ReadMemory at 0x1f2c71d1e10 of 62 bytes failed: Only part of a ReadProcessMemory or WriteProcessMemory request was completed. (0x12B)
[1102/210232.221:ERROR:process_memory_win.cc(73)] ReadMemory at 0x1f2c71d1fa0 of 60 bytes failed: Only part of a ReadProcessMemory or WriteProcessMemory request was completed. (0x12B)
[1102/210232.221:ERROR:process_memory_win.cc(73)] ReadMemory at 0x1f2c71d2220 of 66 bytes failed: Only part of a ReadProcessMemory or WriteProcessMemory request was completed. (0x12B)
[1102/210232.222:ERROR:process_memory_win.cc(73)] ReadMemory at 0x1f2c71d22c0 of 58 bytes failed: Only part of a ReadProcessMemory or WriteProcessMemory request was completed. (0x12B)
[1102/210232.222:ERROR:process_memory_win.cc(73)] ReadMemory at 0x1f2c71d2360 of 62 bytes failed: Only part of a ReadProcessMemory or WriteProcessMemory request was completed. (0x12B)
[1102/210232.222:ERROR:process_memory_win.cc(73)] ReadMemory at 0x1f2c71d2e10 of 64 bytes failed: Only part of a ReadProcessMemory or WriteProcessMemory request was completed. (0x12B)
[1102/210232.222:ERROR:process_memory_win.cc(73)] ReadMemory at 0x1f2c71d3520 of 228 bytes failed: Only part of a ReadProcessMemory or WriteProcessMemory request was completed. (0x12B)
[1102/210232.222:ERROR:process_memory_win.cc(73)] ReadMemory at 0x1f2c71d4a80 of 52 bytes failed: Only part of a ReadProcessMemory or WriteProcessMemory request was completed. (0x12B)
[1102/210232.222:ERROR:process_memory_win.cc(73)] ReadMemory at 0x1f2c71d8630 of 72 bytes failed: Only part of a ReadProcessMemory or WriteProcessMemory request was completed. (0x12B)
[1102/210232.222:ERROR:process_memory_win.cc(73)] ReadMemory at 0x1f2c71db320 of 132 bytes failed: Only part of a ReadProcessMemory or WriteProcessMemory request was completed. (0x12B)
[1102/210232.222:ERROR:process_memory_win.cc(73)] ReadMemory at 0x1f2c71db450 of 132 bytes failed: Only part of a ReadProcessMemory or WriteProcessMemory request was completed. (0x12B)
[1102/210232.222:ERROR:process_memory_win.cc(73)] ReadMemory at 0x1f2c71db910 of 132 bytes failed: Only part of a ReadProcessMemory or WriteProcessMemory request was completed. (0x12B)
[1102/210232.223:ERROR:process_memory_win.cc(73)] ReadMemory at 0x1f2c71dbca0 of 132 bytes failed: Only part of a ReadProcessMemory or WriteProcessMemory request was completed. (0x12B)
[1102/210232.223:ERROR:process_memory_win.cc(73)] ReadMemory at 0x1f2c71dbdd0 of 132 bytes failed: Only part of a ReadProcessMemory or WriteProcessMemory request was completed. (0x12B)
[1102/210232.223:ERROR:process_memory_win.cc(73)] ReadMemory at 0x1f2c71dc290 of 132 bytes failed: Only part of a ReadProcessMemory or WriteProcessMemory request was completed. (0x12B)
[1102/210232.223:ERROR:process_memory_win.cc(73)] ReadMemory at 0x1f2c71dc3c0 of 132 bytes failed: Only part of a ReadProcessMemory or WriteProcessMemory request was completed. (0x12B)
[1102/210232.223:ERROR:process_memory_win.cc(73)] ReadMemory at 0x1f2c71dc620 of 132 bytes failed: Only part of a ReadProcessMemory or WriteProcessMemory request was completed. (0x12B)
[1102/210232.223:ERROR:process_memory_win.cc(73)] ReadMemory at 0x1f2c71dc750 of 132 bytes failed: Only part of a ReadProcessMemory or WriteProcessMemory request was completed. (0x12B)
[1102/210232.223:ERROR:process_memory_win.cc(73)] ReadMemory at 0x1f2c71dc880 of 132 bytes failed: Only part of a ReadProcessMemory or WriteProcessMemory request was completed. (0x12B)
[1102/210232.223:ERROR:process_memory_win.cc(73)] ReadMemory at 0x1f2c71dc9b0 of 132 bytes failed: Only part of a ReadProcessMemory or WriteProcessMemory request was completed. (0x12B)
[1102/210232.224:ERROR:process_memory_win.cc(73)] ReadMemory at 0x1f2c71dcae0 of 132 bytes failed: Only part of a ReadProcessMemory or WriteProcessMemory request was completed. (0x12B)
[1102/210232.224:ERROR:process_memory_win.cc(73)] ReadMemory at 0x1f2c71dcc10 of 132 bytes failed: Only part of a ReadProcessMemory or WriteProcessMemory request was completed. (0x12B)
[1102/210232.224:ERROR:process_memory_win.cc(73)] ReadMemory at 0x1f2c71dcd40 of 132 bytes failed: Only part of a ReadProcessMemory or WriteProcessMemory request was completed. (0x12B)
[1102/210232.224:ERROR:process_memory_win.cc(73)] ReadMemory at 0x1f2c71e60a0 of 60 bytes failed: Only part of a ReadProcessMemory or WriteProcessMemory request was completed. (0x12B)
[1102/210232.224:ERROR:process_memory_win.cc(73)] ReadMemory at 0x1f2c71e6410 of 62 bytes failed: Only part of a ReadProcessMemory or WriteProcessMemory request was completed. (0x12B)
[1102/210232.224:ERROR:process_memory_win.cc(73)] ReadMemory at 0x1f2c71e6a00 of 70 bytes failed: Only part of a ReadProcessMemory or WriteProcessMemory request was completed. (0x12B)
[1102/210232.224:ERROR:process_memory_win.cc(73)] ReadMemory at 0x1f2c71e6a50 of 58 bytes failed: Only part of a ReadProcessMemory or WriteProcessMemory request was completed. (0x12B)
[1102/210232.224:ERROR:process_memory_win.cc(73)] ReadMemory at 0x1f2c71e6be0 of 62 bytes failed: Only part of a ReadProcessMemory or WriteProcessMemory request was completed. (0x12B)
[1102/210232.224:ERROR:process_memory_win.cc(73)] ReadMemory at 0x1f2c71e6c30 of 68 bytes failed: Only part of a ReadProcessMemory or WriteProcessMemory request was completed. (0x12B)
[1102/210232.225:ERROR:process_memory_win.cc(73)] ReadMemory at 0x1f2c71ef760 of 512 bytes failed: Only part of a ReadProcessMemory or WriteProcessMemory request was completed. (0x12B)
[1102/210232.225:ERROR:process_memory_win.cc(73)] ReadMemory at 0x1f2c71f0ac0 of 512 bytes failed: Only part of a ReadProcessMemory or WriteProcessMemory request was completed. (0x12B)
[1102/210232.225:ERROR:process_memory_win.cc(73)] ReadMemory at 0x1f2c71f2140 of 206 bytes failed: Only part of a ReadProcessMemory or WriteProcessMemory request was completed. (0x12B)
[1102/210232.225:ERROR:process_memory_win.cc(73)] ReadMemory at 0x1f2c71f4990 of 124 bytes failed: Only part of a ReadProcessMemory or WriteProcessMemory request was completed. (0x12B)
[1102/210232.225:ERROR:process_memory_win.cc(73)] ReadMemory at 0x1f2c71fb850 of 56 bytes failed: Only part of a ReadProcessMemory or WriteProcessMemory request was completed. (0x12B)
[1102/210232.225:ERROR:process_memory_win.cc(73)] ReadMemory at 0x1f2c71fbd50 of 64 bytes failed: Only part of a ReadProcessMemory or WriteProcessMemory request was completed. (0x12B)
[1102/210232.225:ERROR:process_memory_win.cc(73)] ReadMemory at 0x1f2c7390000 of 512 bytes failed: Only part of a ReadProcessMemory or WriteProcessMemory request was completed. (0x12B)
[1102/210232.226:ERROR:process_memory_win.cc(73)] ReadMemory at 0x1f2c8d31cb0 of 512 bytes failed: Only part of a ReadProcessMemory or WriteProcessMemory request was completed. (0x12B)
[1102/210232.226:ERROR:process_memory_win.cc(73)] ReadMemory at 0x1f2ca699be8 of 512 bytes failed: Only part of a ReadProcessMemory or WriteProcessMemory request was completed. (0x12B)
[1102/210232.226:ERROR:process_memory_win.cc(73)] ReadMemory at 0x1f2ca69b278 of 512 bytes failed: Only part of a ReadProcessMemory or WriteProcessMemory request was completed. (0x12B)
[1102/210232.226:ERROR:process_memory_win.cc(73)] ReadMemory at 0x7ff9b0bda72b of 512 bytes failed: Only part of a ReadProcessMemory or WriteProcessMemory request was completed. (0x12B)
[1102/210232.226:ERROR:process_memory_win.cc(73)] ReadMemory at 0x7ff9b16c6a58 of 512 bytes failed: Only part of a ReadProcessMemory or WriteProcessMemory request was completed. (0x12B)
[1102/210232.226:ERROR:process_memory_win.cc(73)] ReadMemory at 0x7ff9c5c8c16c of 512 bytes failed: Only part of a ReadProcessMemory or WriteProcessMemory request was completed. (0x12B)
[1102/210232.226:ERROR:process_memory_win.cc(73)] ReadMemory at 0x7ff9c93c2250 of 512 bytes failed: Only part of a ReadProcessMemory or WriteProcessMemory request was completed. (0x12B)
[1102/210232.227:ERROR:process_memory_win.cc(73)] ReadMemory at 0x7ffa0849f764 of 672 bytes failed: Only part of a ReadProcessMemory or WriteProcessMemory request was completed. (0x12B)
[1102/210232.227:ERROR:process_memory_win.cc(73)] ReadMemory at 0x7ffa0849fd64 of 512 bytes failed: Only part of a ReadProcessMemory or WriteProcessMemory request was completed. (0x12B)
[1102/210232.227:ERROR:process_memory_win.cc(73)] ReadMemory at 0x7ffa084a3054 of 512 bytes failed: Only part of a ReadProcessMemory or WriteProcessMemory request was completed. (0x12B)
[1102/210232.227:ERROR:process_memory_win.cc(73)] ReadMemory at 0x7ffa0852c0c8 of 18 bytes failed: Only part of a ReadProcessMemory or WriteProcessMemory request was completed. (0x12B)
[1102/210232.227:ERROR:process_memory_win.cc(73)] ReadMemory at 0x7ffa0855f4f8 of 40 bytes failed: Only part of a ReadProcessMemory or WriteProcessMemory request was completed. (0x12B)
[1102/210232.227:ERROR:process_memory_win.cc(73)] ReadMemory at 0x7ffa0855f978 of 48 bytes failed: Only part of a ReadProcessMemory or WriteProcessMemory request was completed. (0x12B)
[1102/210232.227:ERROR:process_memory_win.cc(73)] ReadMemory at 0x7ffa085653a0 of 64 bytes failed: Only part of a ReadProcessMemory or WriteProcessMemory request was completed. (0x12B)
[1102/210233.235:ERROR:scoped_process_suspend.cc(40)] NtResumeProcess: An attempt was made to access an exiting process. (0xc000010a)
[1102/210241.660:ERROR:file_io.cc(89)] ReadExactly: expected 40, observed 0
